<?xml version="1.0" encoding="UTF-8"?>
<!-- Generated by org.testng.reporters.JUnitXMLReporter -->
<testsuite ignored="0" hostname="LAPTOP-6AJUMCDK" failures="1" tests="5" name="Test" time="81.878" errors="0" timestamp="2022-09-19T21:19:21 IST">
  <testcase classname="tests.LoginTest" name="login" time="7.131"/>
  <testcase classname="tests.LoginTest" name="login" time="18.169"/>
  <testcase classname="tests.TwoTest" name="twoTest" time="0.006"/>
  <testcase classname="tests.ThreeTest" name="threeTest" time="0.022"/>
  <testcase classname="tests.FourTest" name="fourTest" time="18.573">
    <failure type="java.lang.AssertionError" message="expected [true] but found [false]">
      <![CDATA[java.lang.AssertionError: expected [true] but found [false]
at tests.FourTest.fourTest(FourTest.java:27)
at java.base/java.util.ArrayList.forEach(ArrayList.java:1511)
... Removed 31 stack frames]]>
    </failure>
  </testcase> <!-- fourTest -->
</testsuite> <!-- Test -->
